<?xml version="1.0" encoding="UTF-8"?>
<!-- Generated by org.testng.reporters.JUnitXMLReporter -->
<testsuite ignored="4" hostname="Ahmed-Magdy" failures="0" tests="1" name="Default test" time="4.321" errors="0" timestamp="2021-09-25T22:20:02 EET">
  <testcase classname="VOISAPITest.APITest" name="CreatNewPost" time="4.247"/>
  <testcase classname="VOISAPITest.APITest" name="VerifyPostByIDWithNegativeNumber" time="0.0">
    <ignored/>
  </testcase> <!-- VerifyPostByIDWithNegativeNumber -->
  <testcase classname="VOISAPITest.APITest" name="VerifyReturnAllPosts" time="0.0">
    <ignored/>
  </testcase> <!-- VerifyReturnAllPosts -->
  <testcase classname="VOISAPITest.APITest" name="CreatNewPostWithOutData" time="0.0">
    <ignored/>
  </testcase> <!-- CreatNewPostWithOutData -->
  <testcase classname="VOISAPITest.APITest" name="VerifyPostByID" time="0.0">
    <ignored/>
  </testcase> <!-- VerifyPostByID -->
</testsuite> <!-- Default test -->
