<?xml version="1.0" encoding="UTF-8"?>
<testng-results ignored="4" total="5" passed="1" failed="0" skipped="0">
  <reporter-output>
  </reporter-output>
  <suite started-at="2021-09-25T22:19:57 EET" name="Default suite" finished-at="2021-09-25T22:20:02 EET" duration-ms="4321">
    <groups>
    </groups>
    <test started-at="2021-09-25T22:19:57 EET" name="Default test" finished-at="2021-09-25T22:20:02 EET" duration-ms="4321">
      <class name="VOISAPITest.APITest">
        <test-method signature="CreatNewPost()[pri:0, instance:VOISAPITest.APITest@1ba9117e]" started-at="2021-09-25T22:19:58 EET" name="CreatNewPost" finished-at="2021-09-25T22:20:02 EET" duration-ms="4247" status="PASS">
          <reporter-output>
          </reporter-output>
        </test-method> <!-- CreatNewPost -->
      </class> <!-- VOISAPITest.APITest -->
    </test> <!-- Default test -->
  </suite> <!-- Default suite -->
</testng-results>
